# JRE version: OpenJDK Runtime Environment Temurin-21.0.10+7 (21.0.10+7) (build 21.0.10+7-LTS)
# Java VM: OpenJDK 64-Bit Server VM Temurin-21.0.10+7 (21.0.10+7-LTS, mixed mode, sharing, tiered, compressed oops, compressed class ptrs, parallel gc, windows-amd64)
GC Precious Log:
 CardTable entry size: 512
 CPUs: 12 total, 12 available
 Memory: 7830M
 Large Page Support: Disabled
 NUMA Support: Disabled
 Compressed Oops: Enabled (32-bit)
 Alignments: Space 512K, Generation 512K, Heap 2M
 Heap Min Capacity: 100M
 Heap Initial Capacity: 100M
 Heap Max Capacity: 2G
 Pre-touch: Disabled
 Parallel Workers: 10
Heap:
 PSYoungGen      total 8704K, used 6011K [0x00000000d5580000, 0x00000000d5f80000, 0x0000000100000000)
  eden space 7168K, 76% used [0x00000000d5580000,0x00000000d5ad8718,0x00000000d5c80000)
  from space 1536K, 35% used [0x00000000d5d00000,0x00000000d5d868c8,0x00000000d5e80000)
  to   space 1024K, 0% used [0x00000000d5e80000,0x00000000d5e80000,0x00000000d5f80000)
 ParOldGen       total 204288K, used 203335K [0x0000000080000000, 0x000000008c780000, 0x00000000d5580000)
  object space 204288K, 99% used [0x0000000080000000,0x000000008c691e90,0x000000008c780000)
 Metaspace       used 72110K, committed 73856K, reserved 1179648K
  class space    used 7579K, committed 8320K, reserved 1048576K
GC Heap History (20 events):
Event: 2489.006 GC heap before
{Heap before GC invocations=89 (full 3):
 PSYoungGen      total 8704K, used 8692K [0x00000000d5580000, 0x00000000d6080000, 0x0000000100000000)
  eden space 7680K, 100% used [0x00000000d5580000,0x00000000d5d00000,0x00000000d5d00000)
  from space 1024K, 98% used [0x00000000d5e80000,0x00000000d5f7d200,0x00000000d5f80000)
  to   space 1024K, 0% used [0x00000000d5f80000,0x00000000d5f80000,0x00000000d6080000)
 ParOldGen       total 162304K, used 161829K [0x0000000080000000, 0x0000000089e80000, 0x00000000d5580000)
  object space 162304K, 99% used [0x0000000080000000,0x0000000089e096f8,0x0000000089e80000)
 Metaspace       used 68883K, committed 70400K, reserved 1114112K
  class space    used 7216K, committed 7936K, reserved 1048576K
}
Event: 2489.008 GC heap after
{Heap after GC invocations=89 (full 3):
 PSYoungGen      total 8704K, used 992K [0x00000000d5580000, 0x00000000d6080000, 0x0000000100000000)
  eden space 7680K, 0% used [0x00000000d5580000,0x00000000d5580000,0x00000000d5d00000)
  from space 1024K, 96% used [0x00000000d5f80000,0x00000000d6078000,0x00000000d6080000)
  to   space 1024K, 0% used [0x00000000d5e80000,0x00000000d5e80000,0x00000000d5f80000)
 ParOldGen       total 162816K, used 162704K [0x0000000080000000, 0x0000000089f00000, 0x00000000d5580000)
  object space 162816K, 99% used [0x0000000080000000,0x0000000089ee40a8,0x0000000089f00000)
 Metaspace       used 68883K, committed 70400K, reserved 1114112K
  class space    used 7216K, committed 7936K, reserved 1048576K
}
Event: 2489.141 GC heap before
{Heap before GC invocations=90 (full 3):
 PSYoungGen      total 8704K, used 8672K [0x00000000d5580000, 0x00000000d6080000, 0x0000000100000000)
  eden space 7680K, 100% used [0x00000000d5580000,0x00000000d5d00000,0x00000000d5d00000)
  from space 1024K, 96% used [0x00000000d5f80000,0x00000000d6078000,0x00000000d6080000)
  to   space 1024K, 0% used [0x00000000d5e80000,0x00000000d5e80000,0x00000000d5f80000)
 ParOldGen       total 162816K, used 162704K [0x0000000080000000, 0x0000000089f00000, 0x00000000d5580000)
  object space 162816K, 99% used [0x0000000080000000,0x0000000089ee40a8,0x0000000089f00000)
 Metaspace       used 69427K, committed 70912K, reserved 1114112K
  class space    used 7269K, committed 7936K, reserved 1048576K
}
Event: 2489.144 GC heap after
{Heap after GC invocations=90 (full 3):
 PSYoungGen      total 8704K, used 656K [0x00000000d5580000, 0x00000000d6000000, 0x0000000100000000)
  eden space 7680K, 0% used [0x00000000d5580000,0x00000000d5580000,0x00000000d5d00000)
  from space 1024K, 64% used [0x00000000d5e80000,0x00000000d5f24030,0x00000000d5f80000)
  to   space 512K, 0% used [0x00000000d5f80000,0x00000000d5f80000,0x00000000d6000000)
 ParOldGen       total 163840K, used 163552K [0x0000000080000000, 0x000000008a000000, 0x00000000d5580000)
  object space 163840K, 99% used [0x0000000080000000,0x0000000089fb80e8,0x000000008a000000)
 Metaspace       used 69427K, committed 70912K, reserved 1114112K
  class space    used 7269K, committed 7936K, reserved 1048576K
}
Event: 2489.181 GC heap before
{Heap before GC invocations=91 (full 3):
 PSYoungGen      total 8704K, used 8330K [0x00000000d5580000, 0x00000000d6000000, 0x0000000100000000)
  eden space 7680K, 99% used [0x00000000d5580000,0x00000000d5cfe988,0x00000000d5d00000)
  from space 1024K, 64% used [0x00000000d5e80000,0x00000000d5f24030,0x00000000d5f80000)
  to   space 512K, 0% used [0x00000000d5f80000,0x00000000d5f80000,0x00000000d6000000)
 ParOldGen       total 163840K, used 163552K [0x0000000080000000, 0x000000008a000000, 0x00000000d5580000)
  object space 163840K, 99% used [0x0000000080000000,0x0000000089fb80e8,0x000000008a000000)
 Metaspace       used 69569K, committed 71168K, reserved 1114112K
  class space    used 7291K, committed 8000K, reserved 1048576K
}
Event: 2489.183 GC heap after
{Heap after GC invocations=91 (full 3):
 PSYoungGen      total 7680K, used 511K [0x00000000d5580000, 0x00000000d6300000, 0x0000000100000000)
  eden space 7168K, 0% used [0x00000000d5580000,0x00000000d5580000,0x00000000d5c80000)
  from space 512K, 99% used [0x00000000d5f80000,0x00000000d5fffdb0,0x00000000d6000000)
  to   space 3072K, 0% used [0x00000000d5c80000,0x00000000d5c80000,0x00000000d5f80000)
 ParOldGen       total 165888K, used 165646K [0x0000000080000000, 0x000000008a200000, 0x00000000d5580000)
  object space 165888K, 99% used [0x0000000080000000,0x000000008a1c3818,0x000000008a200000)
 Metaspace       used 69569K, committed 71168K, reserved 1114112K
  class space    used 7291K, committed 8000K, reserved 1048576K
}
Event: 2489.291 GC heap before
{Heap before GC invocations=92 (full 3):
 PSYoungGen      total 7680K, used 7679K [0x00000000d5580000, 0x00000000d6300000, 0x0000000100000000)
  eden space 7168K, 100% used [0x00000000d5580000,0x00000000d5c80000,0x00000000d5c80000)
  from space 512K, 99% used [0x00000000d5f80000,0x00000000d5fffdb0,0x00000000d6000000)
  to   space 3072K, 0% used [0x00000000d5c80000,0x00000000d5c80000,0x00000000d5f80000)
 ParOldGen       total 165888K, used 165646K [0x0000000080000000, 0x000000008a200000, 0x00000000d5580000)
  object space 165888K, 99% used [0x0000000080000000,0x000000008a1c3818,0x000000008a200000)
 Metaspace       used 69815K, committed 71360K, reserved 1114112K
  class space    used 7317K, committed 8000K, reserved 1048576K
}
Event: 2489.292 GC heap after
{Heap after GC invocations=92 (full 3):
 PSYoungGen      total 10240K, used 2931K [0x00000000d5580000, 0x00000000d6280000, 0x0000000100000000)
  eden space 7168K, 0% used [0x00000000d5580000,0x00000000d5580000,0x00000000d5c80000)
  from space 3072K, 95% used [0x00000000d5c80000,0x00000000d5f5cd30,0x00000000d5f80000)
  to   space 3072K, 0% used [0x00000000d5f80000,0x00000000d5f80000,0x00000000d6280000)
 ParOldGen       total 166400K, used 166166K [0x0000000080000000, 0x000000008a280000, 0x00000000d5580000)
  object space 166400K, 99% used [0x0000000080000000,0x000000008a245a08,0x000000008a280000)
 Metaspace       used 69815K, committed 71360K, reserved 1114112K
  class space    used 7317K, committed 8000K, reserved 1048576K
}
Event: 2489.503 GC heap before
{Heap before GC invocations=93 (full 3):
 PSYoungGen      total 10240K, used 10099K [0x00000000d5580000, 0x00000000d6280000, 0x0000000100000000)
  eden space 7168K, 100% used [0x00000000d5580000,0x00000000d5c80000,0x00000000d5c80000)
  from space 3072K, 95% used [0x00000000d5c80000,0x00000000d5f5cd30,0x00000000d5f80000)
  to   space 3072K, 0% used [0x00000000d5f80000,0x00000000d5f80000,0x00000000d6280000)
 ParOldGen       total 166400K, used 166166K [0x0000000080000000, 0x000000008a280000, 0x00000000d5580000)
  object space 166400K, 99% used [0x0000000080000000,0x000000008a245a08,0x000000008a280000)
 Metaspace       used 70043K, committed 71552K, reserved 1114112K
  class space    used 7334K, committed 8000K, reserved 1048576K
}
Event: 2489.505 GC heap after
{Heap after GC invocations=93 (full 3):
 PSYoungGen      total 8704K, used 1216K [0x00000000d5580000, 0x00000000d6100000, 0x0000000100000000)
  eden space 7168K, 0% used [0x00000000d5580000,0x00000000d5580000,0x00000000d5c80000)
  from space 1536K, 79% used [0x00000000d5f80000,0x00000000d60b0020,0x00000000d6100000)
  to   space 2048K, 0% used [0x00000000d5d00000,0x00000000d5d00000,0x00000000d5f00000)
 ParOldGen       total 169472K, used 168969K [0x0000000080000000, 0x000000008a580000, 0x00000000d5580000)
  object space 169472K, 99% used [0x0000000080000000,0x000000008a5025c0,0x000000008a580000)
 Metaspace       used 70043K, committed 71552K, reserved 1114112K
  class space    used 7334K, committed 8000K, reserved 1048576K
}
Event: 2489.641 GC heap before
{Heap before GC invocations=94 (full 3):
 PSYoungGen      total 8704K, used 8384K [0x00000000d5580000, 0x00000000d6100000, 0x0000000100000000)
  eden space 7168K, 100% used [0x00000000d5580000,0x00000000d5c80000,0x00000000d5c80000)
  from space 1536K, 79% used [0x00000000d5f80000,0x00000000d60b0020,0x00000000d6100000)
  to   space 2048K, 0% used [0x00000000d5d00000,0x00000000d5d00000,0x00000000d5f00000)
 ParOldGen       total 169472K, used 168969K [0x0000000080000000, 0x000000008a580000, 0x00000000d5580000)
  object space 169472K, 99% used [0x0000000080000000,0x000000008a5025c0,0x000000008a580000)
 Metaspace       used 70485K, committed 72000K, reserved 1114112K
  class space    used 7395K, committed 8064K, reserved 1048576K
}
Event: 2489.643 GC heap after
{Heap after GC invocations=94 (full 3):
 PSYoungGen      total 8192K, used 960K [0x00000000d5580000, 0x00000000d6000000, 0x0000000100000000)
  eden space 7168K, 0% used [0x00000000d5580000,0x00000000d5580000,0x00000000d5c80000)
  from space 1024K, 93% used [0x00000000d5d00000,0x00000000d5df0000,0x00000000d5e00000)
  to   space 1536K, 0% used [0x00000000d5e80000,0x00000000d5e80000,0x00000000d6000000)
 ParOldGen       total 170496K, used 169997K [0x0000000080000000, 0x000000008a680000, 0x00000000d5580000)
  object space 170496K, 99% used [0x0000000080000000,0x000000008a603470,0x000000008a680000)
 Metaspace       used 70485K, committed 72000K, reserved 1114112K
  class space    used 7395K, committed 8064K, reserved 1048576K
}
Event: 2490.193 GC heap before
{Heap before GC invocations=95 (full 3):
 PSYoungGen      total 8192K, used 8128K [0x00000000d5580000, 0x00000000d6000000, 0x0000000100000000)
  eden space 7168K, 100% used [0x00000000d5580000,0x00000000d5c80000,0x00000000d5c80000)
  from space 1024K, 93% used [0x00000000d5d00000,0x00000000d5df0000,0x00000000d5e00000)
  to   space 1536K, 0% used [0x00000000d5e80000,0x00000000d5e80000,0x00000000d6000000)
 ParOldGen       total 170496K, used 169997K [0x0000000080000000, 0x000000008a680000, 0x00000000d5580000)
  object space 170496K, 99% used [0x0000000080000000,0x000000008a603470,0x000000008a680000)
 Metaspace       used 70789K, committed 72320K, reserved 1114112K
  class space    used 7438K, committed 8128K, reserved 1048576K
}
Event: 2490.197 GC heap after
{Heap after GC invocations=95 (full 3):
 PSYoungGen      total 8192K, used 992K [0x00000000d5580000, 0x00000000d5f80000, 0x0000000100000000)
  eden space 7168K, 0% used [0x00000000d5580000,0x00000000d5580000,0x00000000d5c80000)
  from space 1024K, 96% used [0x00000000d5e80000,0x00000000d5f78000,0x00000000d5f80000)
  to   space 1024K, 0% used [0x00000000d5d00000,0x00000000d5d00000,0x00000000d5e00000)
 ParOldGen       total 171008K, used 170782K [0x0000000080000000, 0x000000008a700000, 0x00000000d5580000)
  object space 171008K, 99% used [0x0000000080000000,0x000000008a6c79e0,0x000000008a700000)
 Metaspace       used 70789K, committed 72320K, reserved 1114112K
  class space    used 7438K, committed 8128K, reserved 1048576K
}
Event: 2490.272 GC heap before
{Heap before GC invocations=96 (full 3):
 PSYoungGen      total 8192K, used 8160K [0x00000000d5580000, 0x00000000d5f80000, 0x0000000100000000)
  eden space 7168K, 100% used [0x00000000d5580000,0x00000000d5c80000,0x00000000d5c80000)
  from space 1024K, 96% used [0x00000000d5e80000,0x00000000d5f78000,0x00000000d5f80000)
  to   space 1024K, 0% used [0x00000000d5d00000,0x00000000d5d00000,0x00000000d5e00000)
 ParOldGen       total 171008K, used 170782K [0x0000000080000000, 0x000000008a700000, 0x00000000d5580000)
  object space 171008K, 99% used [0x0000000080000000,0x000000008a6c79e0,0x000000008a700000)
 Metaspace       used 71019K, committed 72640K, reserved 1114112K
  class space    used 7471K, committed 8192K, reserved 1048576K
}
Event: 2490.273 GC heap after
{Heap after GC invocations=96 (full 3):
 PSYoungGen      total 8192K, used 1024K [0x00000000d5580000, 0x00000000d6180000, 0x0000000100000000)
  eden space 7168K, 0% used [0x00000000d5580000,0x00000000d5580000,0x00000000d5c80000)
  from space 1024K, 100% used [0x00000000d5d00000,0x00000000d5e00000,0x00000000d5e00000)
  to   space 2560K, 0% used [0x00000000d5f00000,0x00000000d5f00000,0x00000000d6180000)
 ParOldGen       total 172032K, used 171717K [0x0000000080000000, 0x000000008a800000, 0x00000000d5580000)
  object space 172032K, 99% used [0x0000000080000000,0x000000008a7b1728,0x000000008a800000)
 Metaspace       used 71019K, committed 72640K, reserved 1114112K
  class space    used 7471K, committed 8192K, reserved 1048576K
}
Event: 2490.349 GC heap before
{Heap before GC invocations=97 (full 3):
 PSYoungGen      total 8192K, used 8192K [0x00000000d5580000, 0x00000000d6180000, 0x0000000100000000)
  eden space 7168K, 100% used [0x00000000d5580000,0x00000000d5c80000,0x00000000d5c80000)
  from space 1024K, 100% used [0x00000000d5d00000,0x00000000d5e00000,0x00000000d5e00000)
  to   space 2560K, 0% used [0x00000000d5f00000,0x00000000d5f00000,0x00000000d6180000)
 ParOldGen       total 172032K, used 171717K [0x0000000080000000, 0x000000008a800000, 0x00000000d5580000)
  object space 172032K, 99% used [0x0000000080000000,0x000000008a7b1728,0x000000008a800000)
 Metaspace       used 71174K, committed 72768K, reserved 1114112K
  class space    used 7490K, committed 8192K, reserved 1048576K
}
Event: 2490.350 GC heap after
{Heap after GC invocations=97 (full 3):
 PSYoungGen      total 8192K, used 576K [0x00000000d5580000, 0x00000000d6000000, 0x0000000100000000)
  eden space 7168K, 0% used [0x00000000d5580000,0x00000000d5580000,0x00000000d5c80000)
  from space 1024K, 56% used [0x00000000d5f00000,0x00000000d5f90000,0x00000000d6000000)
  to   space 1536K, 0% used [0x00000000d5d00000,0x00000000d5d00000,0x00000000d5e80000)
 ParOldGen       total 172544K, used 172257K [0x0000000080000000, 0x000000008a880000, 0x00000000d5580000)
  object space 172544K, 99% used [0x0000000080000000,0x000000008a838738,0x000000008a880000)
 Metaspace       used 71174K, committed 72768K, reserved 1114112K
  class space    used 7490K, committed 8192K, reserved 1048576K
}
Event: 2490.581 GC heap before
{Heap before GC invocations=98 (full 3):
 PSYoungGen      total 8192K, used 7744K [0x00000000d5580000, 0x00000000d6000000, 0x0000000100000000)
  eden space 7168K, 100% used [0x00000000d5580000,0x00000000d5c80000,0x00000000d5c80000)
  from space 1024K, 56% used [0x00000000d5f00000,0x00000000d5f90000,0x00000000d6000000)
  to   space 1536K, 0% used [0x00000000d5d00000,0x00000000d5d00000,0x00000000d5e80000)
 ParOldGen       total 204288K, used 202977K [0x0000000080000000, 0x000000008c780000, 0x00000000d5580000)
  object space 204288K, 99% used [0x0000000080000000,0x000000008c638768,0x000000008c780000)
 Metaspace       used 71756K, committed 73408K, reserved 1114112K
  class space    used 7547K, committed 8256K, reserved 1048576K
}
Event: 2490.596 GC heap after
{Heap after GC invocations=98 (full 3):
 PSYoungGen      total 8704K, used 538K [0x00000000d5580000, 0x00000000d5f80000, 0x0000000100000000)
  eden space 7168K, 0% used [0x00000000d5580000,0x00000000d5580000,0x00000000d5c80000)
  from space 1536K, 35% used [0x00000000d5d00000,0x00000000d5d868c8,0x00000000d5e80000)
  to   space 1024K, 0% used [0x00000000d5e80000,0x00000000d5e80000,0x00000000d5f80000)
 ParOldGen       total 204288K, used 203335K [0x0000000080000000, 0x000000008c780000, 0x00000000d5580000)
  object space 204288K, 99% used [0x0000000080000000,0x000000008c691e90,0x000000008c780000)
 Metaspace       used 71756K, committed 73408K, reserved 1114112K
  class space    used 7547K, committed 8256K, reserved 1048576K
}

