# JRE version: OpenJDK Runtime Environment Temurin-21.0.10+7 (21.0.10+7) (build 21.0.10+7-LTS)
# Java VM: OpenJDK 64-Bit Server VM Temurin-21.0.10+7 (21.0.10+7-LTS, mixed mode, sharing, tiered, compressed oops, compressed class ptrs, parallel gc, windows-amd64)
GC Precious Log:
 CardTable entry size: 512
 CPUs: 12 total, 12 available
 Memory: 7830M
 Large Page Support: Disabled
 NUMA Support: Disabled
 Compressed Oops: Enabled (32-bit)
 Alignments: Space 512K, Generation 512K, Heap 2M
 Heap Min Capacity: 100M
 Heap Initial Capacity: 100M
 Heap Max Capacity: 2G
 Pre-touch: Disabled
 Parallel Workers: 10
Heap:
 PSYoungGen      total 3584K, used 2073K [0x00000000d5580000, 0x00000000d5a80000, 0x0000000100000000)
  eden space 3072K, 57% used [0x00000000d5580000,0x00000000d5736480,0x00000000d5880000)
  from space 512K, 62% used [0x00000000d5880000,0x00000000d58d0000,0x00000000d5900000)
  to   space 512K, 0% used [0x00000000d5a00000,0x00000000d5a00000,0x00000000d5a80000)
 ParOldGen       total 243712K, used 243550K [0x0000000080000000, 0x000000008ee00000, 0x00000000d5580000)
  object space 243712K, 99% used [0x0000000080000000,0x000000008edd7958,0x000000008ee00000)
 Metaspace       used 73112K, committed 74816K, reserved 1179648K
  class space    used 7634K, committed 8384K, reserved 1048576K
GC Heap History (20 events):
Event: 1507.837 GC heap before
{Heap before GC invocations=283 (full 3):
 PSYoungGen      total 3584K, used 3131K [0x00000000d5580000, 0x00000000d5b00000, 0x0000000100000000)
  eden space 2048K, 100% used [0x00000000d5580000,0x00000000d5780000,0x00000000d5780000)
  from space 1536K, 70% used [0x00000000d5880000,0x00000000d598ee70,0x00000000d5a00000)
  to   space 1024K, 0% used [0x00000000d5a00000,0x00000000d5a00000,0x00000000d5b00000)
 ParOldGen       total 238592K, used 238198K [0x0000000080000000, 0x000000008e900000, 0x00000000d5580000)
  object space 238592K, 99% used [0x0000000080000000,0x000000008e89d858,0x000000008e900000)
 Metaspace       used 72923K, committed 74688K, reserved 1179648K
  class space    used 7621K, committed 8384K, reserved 1048576K
}
Event: 1507.840 GC heap after
{Heap after GC invocations=283 (full 3):
 PSYoungGen      total 3072K, used 672K [0x00000000d5580000, 0x00000000d5b00000, 0x0000000100000000)
  eden space 2048K, 0% used [0x00000000d5580000,0x00000000d5580000,0x00000000d5780000)
  from space 1024K, 65% used [0x00000000d5a00000,0x00000000d5aa8000,0x00000000d5b00000)
  to   space 1024K, 0% used [0x00000000d5900000,0x00000000d5900000,0x00000000d5a00000)
 ParOldGen       total 239104K, used 238910K [0x0000000080000000, 0x000000008e980000, 0x00000000d5580000)
  object space 239104K, 99% used [0x0000000080000000,0x000000008e94f858,0x000000008e980000)
 Metaspace       used 72923K, committed 74688K, reserved 1179648K
  class space    used 7621K, committed 8384K, reserved 1048576K
}
Event: 1507.852 GC heap before
{Heap before GC invocations=284 (full 3):
 PSYoungGen      total 3072K, used 2720K [0x00000000d5580000, 0x00000000d5b00000, 0x0000000100000000)
  eden space 2048K, 100% used [0x00000000d5580000,0x00000000d5780000,0x00000000d5780000)
  from space 1024K, 65% used [0x00000000d5a00000,0x00000000d5aa8000,0x00000000d5b00000)
  to   space 1024K, 0% used [0x00000000d5900000,0x00000000d5900000,0x00000000d5a00000)
 ParOldGen       total 239104K, used 238910K [0x0000000080000000, 0x000000008e980000, 0x00000000d5580000)
  object space 239104K, 99% used [0x0000000080000000,0x000000008e94f858,0x000000008e980000)
 Metaspace       used 72930K, committed 74688K, reserved 1179648K
  class space    used 7621K, committed 8384K, reserved 1048576K
}
Event: 1507.855 GC heap after
{Heap after GC invocations=284 (full 3):
 PSYoungGen      total 3072K, used 608K [0x00000000d5580000, 0x00000000d5a80000, 0x0000000100000000)
  eden space 2048K, 0% used [0x00000000d5580000,0x00000000d5580000,0x00000000d5780000)
  from space 1024K, 59% used [0x00000000d5900000,0x00000000d5998000,0x00000000d5a00000)
  to   space 512K, 0% used [0x00000000d5a00000,0x00000000d5a00000,0x00000000d5a80000)
 ParOldGen       total 239616K, used 239438K [0x0000000080000000, 0x000000008ea00000, 0x00000000d5580000)
  object space 239616K, 99% used [0x0000000080000000,0x000000008e9d3858,0x000000008ea00000)
 Metaspace       used 72930K, committed 74688K, reserved 1179648K
  class space    used 7621K, committed 8384K, reserved 1048576K
}
Event: 1507.865 GC heap before
{Heap before GC invocations=285 (full 3):
 PSYoungGen      total 3072K, used 2656K [0x00000000d5580000, 0x00000000d5a80000, 0x0000000100000000)
  eden space 2048K, 100% used [0x00000000d5580000,0x00000000d5780000,0x00000000d5780000)
  from space 1024K, 59% used [0x00000000d5900000,0x00000000d5998000,0x00000000d5a00000)
  to   space 512K, 0% used [0x00000000d5a00000,0x00000000d5a00000,0x00000000d5a80000)
 ParOldGen       total 239616K, used 239438K [0x0000000080000000, 0x000000008ea00000, 0x00000000d5580000)
  object space 239616K, 99% used [0x0000000080000000,0x000000008e9d3858,0x000000008ea00000)
 Metaspace       used 72932K, committed 74688K, reserved 1179648K
  class space    used 7621K, committed 8384K, reserved 1048576K
}
Event: 1507.868 GC heap after
{Heap after GC invocations=285 (full 3):
 PSYoungGen      total 2560K, used 512K [0x00000000d5580000, 0x00000000d5a80000, 0x0000000100000000)
  eden space 2048K, 0% used [0x00000000d5580000,0x00000000d5580000,0x00000000d5780000)
  from space 512K, 100% used [0x00000000d5a00000,0x00000000d5a80000,0x00000000d5a80000)
  to   space 1024K, 0% used [0x00000000d5880000,0x00000000d5880000,0x00000000d5980000)
 ParOldGen       total 240128K, used 239872K [0x0000000080000000, 0x000000008ea80000, 0x00000000d5580000)
  object space 240128K, 99% used [0x0000000080000000,0x000000008ea400b0,0x000000008ea80000)
 Metaspace       used 72932K, committed 74688K, reserved 1179648K
  class space    used 7621K, committed 8384K, reserved 1048576K
}
Event: 1507.883 GC heap before
{Heap before GC invocations=286 (full 3):
 PSYoungGen      total 2560K, used 2554K [0x00000000d5580000, 0x00000000d5a80000, 0x0000000100000000)
  eden space 2048K, 99% used [0x00000000d5580000,0x00000000d577e940,0x00000000d5780000)
  from space 512K, 100% used [0x00000000d5a00000,0x00000000d5a80000,0x00000000d5a80000)
  to   space 1024K, 0% used [0x00000000d5880000,0x00000000d5880000,0x00000000d5980000)
 ParOldGen       total 240128K, used 239872K [0x0000000080000000, 0x000000008ea80000, 0x00000000d5580000)
  object space 240128K, 99% used [0x0000000080000000,0x000000008ea400b0,0x000000008ea80000)
 Metaspace       used 72952K, committed 74688K, reserved 1179648K
  class space    used 7622K, committed 8384K, reserved 1048576K
}
Event: 1507.886 GC heap after
{Heap after GC invocations=286 (full 3):
 PSYoungGen      total 3072K, used 539K [0x00000000d5580000, 0x00000000d5a80000, 0x0000000100000000)
  eden space 2048K, 0% used [0x00000000d5580000,0x00000000d5580000,0x00000000d5780000)
  from space 1024K, 52% used [0x00000000d5880000,0x00000000d5906e70,0x00000000d5980000)
  to   space 1024K, 0% used [0x00000000d5980000,0x00000000d5980000,0x00000000d5a80000)
 ParOldGen       total 240640K, used 240224K [0x0000000080000000, 0x000000008eb00000, 0x00000000d5580000)
  object space 240640K, 99% used [0x0000000080000000,0x000000008ea980d0,0x000000008eb00000)
 Metaspace       used 72952K, committed 74688K, reserved 1179648K
  class space    used 7622K, committed 8384K, reserved 1048576K
}
Event: 1507.943 GC heap before
{Heap before GC invocations=287 (full 3):
 PSYoungGen      total 3072K, used 2326K [0x00000000d5580000, 0x00000000d5a80000, 0x0000000100000000)
  eden space 2048K, 87% used [0x00000000d5580000,0x00000000d573ec00,0x00000000d5780000)
  from space 1024K, 52% used [0x00000000d5880000,0x00000000d5906e70,0x00000000d5980000)
  to   space 1024K, 0% used [0x00000000d5980000,0x00000000d5980000,0x00000000d5a80000)
 ParOldGen       total 240640K, used 240224K [0x0000000080000000, 0x000000008eb00000, 0x00000000d5580000)
  object space 240640K, 99% used [0x0000000080000000,0x000000008ea980d0,0x000000008eb00000)
 Metaspace       used 72967K, committed 74688K, reserved 1179648K
  class space    used 7624K, committed 8384K, reserved 1048576K
}
Event: 1507.946 GC heap after
{Heap after GC invocations=287 (full 3):
 PSYoungGen      total 3072K, used 573K [0x00000000d5580000, 0x00000000d5a80000, 0x0000000100000000)
  eden space 2048K, 0% used [0x00000000d5580000,0x00000000d5580000,0x00000000d5780000)
  from space 1024K, 56% used [0x00000000d5980000,0x00000000d5a0f6b8,0x00000000d5a80000)
  to   space 1024K, 0% used [0x00000000d5880000,0x00000000d5880000,0x00000000d5980000)
 ParOldGen       total 240640K, used 240635K [0x0000000080000000, 0x000000008eb00000, 0x00000000d5580000)
  object space 240640K, 99% used [0x0000000080000000,0x000000008eafef40,0x000000008eb00000)
 Metaspace       used 72967K, committed 74688K, reserved 1179648K
  class space    used 7624K, committed 8384K, reserved 1048576K
}
Event: 1507.988 GC heap before
{Heap before GC invocations=288 (full 3):
 PSYoungGen      total 3072K, used 2621K [0x00000000d5580000, 0x00000000d5a80000, 0x0000000100000000)
  eden space 2048K, 100% used [0x00000000d5580000,0x00000000d5780000,0x00000000d5780000)
  from space 1024K, 56% used [0x00000000d5980000,0x00000000d5a0f6b8,0x00000000d5a80000)
  to   space 1024K, 0% used [0x00000000d5880000,0x00000000d5880000,0x00000000d5980000)
 ParOldGen       total 240640K, used 240635K [0x0000000080000000, 0x000000008eb00000, 0x00000000d5580000)
  object space 240640K, 99% used [0x0000000080000000,0x000000008eafef40,0x000000008eb00000)
 Metaspace       used 72985K, committed 74688K, reserved 1179648K
  class space    used 7624K, committed 8384K, reserved 1048576K
}
Event: 1507.992 GC heap after
{Heap after GC invocations=288 (full 3):
 PSYoungGen      total 3072K, used 1016K [0x00000000d5580000, 0x00000000d5a80000, 0x0000000100000000)
  eden space 2048K, 0% used [0x00000000d5580000,0x00000000d5580000,0x00000000d5780000)
  from space 1024K, 99% used [0x00000000d5880000,0x00000000d597e3a8,0x00000000d5980000)
  to   space 1024K, 0% used [0x00000000d5980000,0x00000000d5980000,0x00000000d5a80000)
 ParOldGen       total 241152K, used 240909K [0x0000000080000000, 0x000000008eb80000, 0x00000000d5580000)
  object space 241152K, 99% used [0x0000000080000000,0x000000008eb434c8,0x000000008eb80000)
 Metaspace       used 72985K, committed 74688K, reserved 1179648K
  class space    used 7624K, committed 8384K, reserved 1048576K
}
Event: 1508.041 GC heap before
{Heap before GC invocations=289 (full 3):
 PSYoungGen      total 3072K, used 3064K [0x00000000d5580000, 0x00000000d5a80000, 0x0000000100000000)
  eden space 2048K, 100% used [0x00000000d5580000,0x00000000d5780000,0x00000000d5780000)
  from space 1024K, 99% used [0x00000000d5880000,0x00000000d597e3a8,0x00000000d5980000)
  to   space 1024K, 0% used [0x00000000d5980000,0x00000000d5980000,0x00000000d5a80000)
 ParOldGen       total 241152K, used 240909K [0x0000000080000000, 0x000000008eb80000, 0x00000000d5580000)
  object space 241152K, 99% used [0x0000000080000000,0x000000008eb434c8,0x000000008eb80000)
 Metaspace       used 73034K, committed 74752K, reserved 1179648K
  class space    used 7625K, committed 8384K, reserved 1048576K
}
Event: 1508.045 GC heap after
{Heap after GC invocations=289 (full 3):
 PSYoungGen      total 3072K, used 736K [0x00000000d5580000, 0x00000000d5a80000, 0x0000000100000000)
  eden space 2048K, 0% used [0x00000000d5580000,0x00000000d5580000,0x00000000d5780000)
  from space 1024K, 71% used [0x00000000d5980000,0x00000000d5a38020,0x00000000d5a80000)
  to   space 1024K, 0% used [0x00000000d5880000,0x00000000d5880000,0x00000000d5980000)
 ParOldGen       total 242688K, used 242317K [0x0000000080000000, 0x000000008ed00000, 0x00000000d5580000)
  object space 242688K, 99% used [0x0000000080000000,0x000000008eca3550,0x000000008ed00000)
 Metaspace       used 73034K, committed 74752K, reserved 1179648K
  class space    used 7625K, committed 8384K, reserved 1048576K
}
Event: 1508.053 GC heap before
{Heap before GC invocations=290 (full 3):
 PSYoungGen      total 3072K, used 2784K [0x00000000d5580000, 0x00000000d5a80000, 0x0000000100000000)
  eden space 2048K, 100% used [0x00000000d5580000,0x00000000d5780000,0x00000000d5780000)
  from space 1024K, 71% used [0x00000000d5980000,0x00000000d5a38020,0x00000000d5a80000)
  to   space 1024K, 0% used [0x00000000d5880000,0x00000000d5880000,0x00000000d5980000)
 ParOldGen       total 242688K, used 242317K [0x0000000080000000, 0x000000008ed00000, 0x00000000d5580000)
  object space 242688K, 99% used [0x0000000080000000,0x000000008eca3550,0x000000008ed00000)
 Metaspace       used 73038K, committed 74752K, reserved 1179648K
  class space    used 7625K, committed 8384K, reserved 1048576K
}
Event: 1508.055 GC heap after
{Heap after GC invocations=290 (full 3):
 PSYoungGen      total 2560K, used 416K [0x00000000d5580000, 0x00000000d5a00000, 0x0000000100000000)
  eden space 2048K, 0% used [0x00000000d5580000,0x00000000d5580000,0x00000000d5780000)
  from space 512K, 81% used [0x00000000d5880000,0x00000000d58e8000,0x00000000d5900000)
  to   space 1024K, 0% used [0x00000000d5900000,0x00000000d5900000,0x00000000d5a00000)
 ParOldGen       total 243200K, used 242907K [0x0000000080000000, 0x000000008ed80000, 0x00000000d5580000)
  object space 243200K, 99% used [0x0000000080000000,0x000000008ed36fc0,0x000000008ed80000)
 Metaspace       used 73038K, committed 74752K, reserved 1179648K
  class space    used 7625K, committed 8384K, reserved 1048576K
}
Event: 1508.069 GC heap before
{Heap before GC invocations=291 (full 3):
 PSYoungGen      total 2560K, used 2464K [0x00000000d5580000, 0x00000000d5a00000, 0x0000000100000000)
  eden space 2048K, 100% used [0x00000000d5580000,0x00000000d5780000,0x00000000d5780000)
  from space 512K, 81% used [0x00000000d5880000,0x00000000d58e8000,0x00000000d5900000)
  to   space 1024K, 0% used [0x00000000d5900000,0x00000000d5900000,0x00000000d5a00000)
 ParOldGen       total 243200K, used 242907K [0x0000000080000000, 0x000000008ed80000, 0x00000000d5580000)
  object space 243200K, 99% used [0x0000000080000000,0x000000008ed36fc0,0x000000008ed80000)
 Metaspace       used 73041K, committed 74752K, reserved 1179648K
  class space    used 7625K, committed 8384K, reserved 1048576K
}
Event: 1508.071 GC heap after
{Heap after GC invocations=291 (full 3):
 PSYoungGen      total 2560K, used 320K [0x00000000d5580000, 0x00000000d5980000, 0x0000000100000000)
  eden space 2048K, 0% used [0x00000000d5580000,0x00000000d5580000,0x00000000d5780000)
  from space 512K, 62% used [0x00000000d5900000,0x00000000d5950000,0x00000000d5980000)
  to   space 512K, 0% used [0x00000000d5880000,0x00000000d5880000,0x00000000d5900000)
 ParOldGen       total 243200K, used 243099K [0x0000000080000000, 0x000000008ed80000, 0x00000000d5580000)
  object space 243200K, 99% used [0x0000000080000000,0x000000008ed66fc0,0x000000008ed80000)
 Metaspace       used 73041K, committed 74752K, reserved 1179648K
  class space    used 7625K, committed 8384K, reserved 1048576K
}
Event: 1508.111 GC heap before
{Heap before GC invocations=292 (full 3):
 PSYoungGen      total 2560K, used 2368K [0x00000000d5580000, 0x00000000d5980000, 0x0000000100000000)
  eden space 2048K, 100% used [0x00000000d5580000,0x00000000d5780000,0x00000000d5780000)
  from space 512K, 62% used [0x00000000d5900000,0x00000000d5950000,0x00000000d5980000)
  to   space 512K, 0% used [0x00000000d5880000,0x00000000d5880000,0x00000000d5900000)
 ParOldGen       total 243200K, used 243099K [0x0000000080000000, 0x000000008ed80000, 0x00000000d5580000)
  object space 243200K, 99% used [0x0000000080000000,0x000000008ed66fc0,0x000000008ed80000)
 Metaspace       used 73049K, committed 74752K, reserved 1179648K
  class space    used 7625K, committed 8384K, reserved 1048576K
}
Event: 1509.104 GC heap after
{Heap after GC invocations=292 (full 3):
 PSYoungGen      total 3072K, used 510K [0x00000000d5580000, 0x00000000d5a00000, 0x0000000100000000)
  eden space 2560K, 0% used [0x00000000d5580000,0x00000000d5580000,0x00000000d5800000)
  from space 512K, 99% used [0x00000000d5880000,0x00000000d58ffbf8,0x00000000d5900000)
  to   space 1024K, 0% used [0x00000000d5900000,0x00000000d5900000,0x00000000d5a00000)
 ParOldGen       total 243712K, used 243307K [0x0000000080000000, 0x000000008ee00000, 0x00000000d5580000)
  object space 243712K, 99% used [0x0000000080000000,0x000000008ed9afc0,0x000000008ee00000)
 Metaspace       used 73049K, committed 74752K, reserved 1179648K
  class space    used 7625K, committed 8384K, reserved 1048576K
}

