# JRE version: OpenJDK Runtime Environment Temurin-21.0.10+7 (21.0.10+7) (build 21.0.10+7-LTS)
# Java VM: OpenJDK 64-Bit Server VM Temurin-21.0.10+7 (21.0.10+7-LTS, mixed mode, sharing, tiered, compressed oops, compressed class ptrs, parallel gc, windows-amd64)
GC Precious Log:
 CardTable entry size: 512
 CPUs: 12 total, 12 available
 Memory: 7830M
 Large Page Support: Disabled
 NUMA Support: Disabled
 Compressed Oops: Enabled (32-bit)
 Alignments: Space 512K, Generation 512K, Heap 2M
 Heap Min Capacity: 100M
 Heap Initial Capacity: 100M
 Heap Max Capacity: 2G
 Pre-touch: Disabled
 Parallel Workers: 10
Heap:
 PSYoungGen      total 13824K, used 2365K [0x00000000d5580000, 0x00000000d6600000, 0x0000000100000000)
  eden space 12800K, 10% used [0x00000000d5580000,0x00000000d56d1268,0x00000000d6200000)
  from space 1024K, 99% used [0x00000000d6400000,0x00000000d64fe318,0x00000000d6500000)
  to   space 2048K, 0% used [0x00000000d6200000,0x00000000d6200000,0x00000000d6400000)
 ParOldGen       total 68608K, used 55273K [0x0000000080000000, 0x0000000084300000, 0x00000000d5580000)
  object space 68608K, 80% used [0x0000000080000000,0x00000000835fa780,0x0000000084300000)
 Metaspace       used 56395K, committed 57728K, reserved 1114112K
  class space    used 6170K, committed 6784K, reserved 1048576K
GC Heap History (20 events):
Event: 7.509 GC heap before
{Heap before GC invocations=28 (full 2):
 PSYoungGen      total 15360K, used 14901K [0x00000000d5580000, 0x00000000d6700000, 0x0000000100000000)
  eden space 12800K, 100% used [0x00000000d5580000,0x00000000d6200000,0x00000000d6200000)
  from space 2560K, 82% used [0x00000000d6280000,0x00000000d648d560,0x00000000d6500000)
  to   space 2048K, 0% used [0x00000000d6500000,0x00000000d6500000,0x00000000d6700000)
 ParOldGen       total 68608K, used 43338K [0x0000000080000000, 0x0000000084300000, 0x00000000d5580000)
  object space 68608K, 63% used [0x0000000080000000,0x0000000082a52ac8,0x0000000084300000)
 Metaspace       used 46508K, committed 47872K, reserved 1114112K
  class space    used 5009K, committed 5632K, reserved 1048576K
}
Event: 7.511 GC heap after
{Heap after GC invocations=28 (full 2):
 PSYoungGen      total 14336K, used 1056K [0x00000000d5580000, 0x00000000d6680000, 0x0000000100000000)
  eden space 12800K, 0% used [0x00000000d5580000,0x00000000d5580000,0x00000000d6200000)
  from space 1536K, 68% used [0x00000000d6500000,0x00000000d6608000,0x00000000d6680000)
  to   space 1536K, 0% used [0x00000000d6380000,0x00000000d6380000,0x00000000d6500000)
 ParOldGen       total 68608K, used 45308K [0x0000000080000000, 0x0000000084300000, 0x00000000d5580000)
  object space 68608K, 66% used [0x0000000080000000,0x0000000082c3f180,0x0000000084300000)
 Metaspace       used 46508K, committed 47872K, reserved 1114112K
  class space    used 5009K, committed 5632K, reserved 1048576K
}
Event: 7.544 GC heap before
{Heap before GC invocations=29 (full 2):
 PSYoungGen      total 14336K, used 13856K [0x00000000d5580000, 0x00000000d6680000, 0x0000000100000000)
  eden space 12800K, 100% used [0x00000000d5580000,0x00000000d6200000,0x00000000d6200000)
  from space 1536K, 68% used [0x00000000d6500000,0x00000000d6608000,0x00000000d6680000)
  to   space 1536K, 0% used [0x00000000d6380000,0x00000000d6380000,0x00000000d6500000)
 ParOldGen       total 68608K, used 45308K [0x0000000080000000, 0x0000000084300000, 0x00000000d5580000)
  object space 68608K, 66% used [0x0000000080000000,0x0000000082c3f180,0x0000000084300000)
 Metaspace       used 46624K, committed 47936K, reserved 1114112K
  class space    used 5027K, committed 5632K, reserved 1048576K
}
Event: 7.547 GC heap after
{Heap after GC invocations=29 (full 2):
 PSYoungGen      total 14336K, used 1504K [0x00000000d5580000, 0x00000000d6a00000, 0x0000000100000000)
  eden space 12800K, 0% used [0x00000000d5580000,0x00000000d5580000,0x00000000d6200000)
  from space 1536K, 97% used [0x00000000d6380000,0x00000000d64f8010,0x00000000d6500000)
  to   space 4096K, 0% used [0x00000000d6600000,0x00000000d6600000,0x00000000d6a00000)
 ParOldGen       total 68608K, used 47301K [0x0000000080000000, 0x0000000084300000, 0x00000000d5580000)
  object space 68608K, 68% used [0x0000000080000000,0x0000000082e31400,0x0000000084300000)
 Metaspace       used 46624K, committed 47936K, reserved 1114112K
  class space    used 5027K, committed 5632K, reserved 1048576K
}
Event: 7.599 GC heap before
{Heap before GC invocations=30 (full 2):
 PSYoungGen      total 14336K, used 14304K [0x00000000d5580000, 0x00000000d6a00000, 0x0000000100000000)
  eden space 12800K, 100% used [0x00000000d5580000,0x00000000d6200000,0x00000000d6200000)
  from space 1536K, 97% used [0x00000000d6380000,0x00000000d64f8010,0x00000000d6500000)
  to   space 4096K, 0% used [0x00000000d6600000,0x00000000d6600000,0x00000000d6a00000)
 ParOldGen       total 68608K, used 47301K [0x0000000080000000, 0x0000000084300000, 0x00000000d5580000)
  object space 68608K, 68% used [0x0000000080000000,0x0000000082e31400,0x0000000084300000)
 Metaspace       used 46870K, committed 48128K, reserved 1114112K
  class space    used 5057K, committed 5632K, reserved 1048576K
}
Event: 7.602 GC heap after
{Heap after GC invocations=30 (full 2):
 PSYoungGen      total 14336K, used 1088K [0x00000000d5580000, 0x00000000d6780000, 0x0000000100000000)
  eden space 12800K, 0% used [0x00000000d5580000,0x00000000d5580000,0x00000000d6200000)
  from space 1536K, 70% used [0x00000000d6600000,0x00000000d6710000,0x00000000d6780000)
  to   space 2048K, 0% used [0x00000000d6380000,0x00000000d6380000,0x00000000d6580000)
 ParOldGen       total 68608K, used 48814K [0x0000000080000000, 0x0000000084300000, 0x00000000d5580000)
  object space 68608K, 71% used [0x0000000080000000,0x0000000082fab910,0x0000000084300000)
 Metaspace       used 46870K, committed 48128K, reserved 1114112K
  class space    used 5057K, committed 5632K, reserved 1048576K
}
Event: 7.644 GC heap before
{Heap before GC invocations=31 (full 2):
 PSYoungGen      total 14336K, used 13888K [0x00000000d5580000, 0x00000000d6780000, 0x0000000100000000)
  eden space 12800K, 100% used [0x00000000d5580000,0x00000000d6200000,0x00000000d6200000)
  from space 1536K, 70% used [0x00000000d6600000,0x00000000d6710000,0x00000000d6780000)
  to   space 2048K, 0% used [0x00000000d6380000,0x00000000d6380000,0x00000000d6580000)
 ParOldGen       total 68608K, used 48814K [0x0000000080000000, 0x0000000084300000, 0x00000000d5580000)
  object space 68608K, 71% used [0x0000000080000000,0x0000000082fab910,0x0000000084300000)
 Metaspace       used 47138K, committed 48512K, reserved 1114112K
  class space    used 5083K, committed 5696K, reserved 1048576K
}
Event: 7.646 GC heap after
{Heap after GC invocations=31 (full 2):
 PSYoungGen      total 14336K, used 1144K [0x00000000d5580000, 0x00000000d6680000, 0x0000000100000000)
  eden space 12800K, 0% used [0x00000000d5580000,0x00000000d5580000,0x00000000d6200000)
  from space 1536K, 74% used [0x00000000d6380000,0x00000000d649e200,0x00000000d6500000)
  to   space 1536K, 0% used [0x00000000d6500000,0x00000000d6500000,0x00000000d6680000)
 ParOldGen       total 68608K, used 49766K [0x0000000080000000, 0x0000000084300000, 0x00000000d5580000)
  object space 68608K, 72% used [0x0000000080000000,0x0000000083099910,0x0000000084300000)
 Metaspace       used 47138K, committed 48512K, reserved 1114112K
  class space    used 5083K, committed 5696K, reserved 1048576K
}
Event: 7.675 GC heap before
{Heap before GC invocations=32 (full 2):
 PSYoungGen      total 14336K, used 13944K [0x00000000d5580000, 0x00000000d6680000, 0x0000000100000000)
  eden space 12800K, 100% used [0x00000000d5580000,0x00000000d6200000,0x00000000d6200000)
  from space 1536K, 74% used [0x00000000d6380000,0x00000000d649e200,0x00000000d6500000)
  to   space 1536K, 0% used [0x00000000d6500000,0x00000000d6500000,0x00000000d6680000)
 ParOldGen       total 68608K, used 49766K [0x0000000080000000, 0x0000000084300000, 0x00000000d5580000)
  object space 68608K, 72% used [0x0000000080000000,0x0000000083099910,0x0000000084300000)
 Metaspace       used 47267K, committed 48576K, reserved 1114112K
  class space    used 5101K, committed 5696K, reserved 1048576K
}
Event: 7.676 GC heap after
{Heap after GC invocations=32 (full 2):
 PSYoungGen      total 14336K, used 1120K [0x00000000d5580000, 0x00000000d6680000, 0x0000000100000000)
  eden space 12800K, 0% used [0x00000000d5580000,0x00000000d5580000,0x00000000d6200000)
  from space 1536K, 72% used [0x00000000d6500000,0x00000000d6618000,0x00000000d6680000)
  to   space 1536K, 0% used [0x00000000d6380000,0x00000000d6380000,0x00000000d6500000)
 ParOldGen       total 68608K, used 50742K [0x0000000080000000, 0x0000000084300000, 0x00000000d5580000)
  object space 68608K, 73% used [0x0000000080000000,0x000000008318db10,0x0000000084300000)
 Metaspace       used 47267K, committed 48576K, reserved 1114112K
  class space    used 5101K, committed 5696K, reserved 1048576K
}
Event: 7.822 GC heap before
{Heap before GC invocations=33 (full 2):
 PSYoungGen      total 14336K, used 13920K [0x00000000d5580000, 0x00000000d6680000, 0x0000000100000000)
  eden space 12800K, 100% used [0x00000000d5580000,0x00000000d6200000,0x00000000d6200000)
  from space 1536K, 72% used [0x00000000d6500000,0x00000000d6618000,0x00000000d6680000)
  to   space 1536K, 0% used [0x00000000d6380000,0x00000000d6380000,0x00000000d6500000)
 ParOldGen       total 68608K, used 50742K [0x0000000080000000, 0x0000000084300000, 0x00000000d5580000)
  object space 68608K, 73% used [0x0000000080000000,0x000000008318db10,0x0000000084300000)
 Metaspace       used 48481K, committed 49792K, reserved 1114112K
  class space    used 5247K, committed 5824K, reserved 1048576K
}
Event: 7.824 GC heap after
{Heap after GC invocations=33 (full 2):
 PSYoungGen      total 13824K, used 864K [0x00000000d5580000, 0x00000000d6580000, 0x0000000100000000)
  eden space 12800K, 0% used [0x00000000d5580000,0x00000000d5580000,0x00000000d6200000)
  from space 1024K, 84% used [0x00000000d6380000,0x00000000d6458000,0x00000000d6480000)
  to   space 1024K, 0% used [0x00000000d6480000,0x00000000d6480000,0x00000000d6580000)
 ParOldGen       total 68608K, used 51667K [0x0000000080000000, 0x0000000084300000, 0x00000000d5580000)
  object space 68608K, 75% used [0x0000000080000000,0x0000000083274e68,0x0000000084300000)
 Metaspace       used 48481K, committed 49792K, reserved 1114112K
  class space    used 5247K, committed 5824K, reserved 1048576K
}
Event: 8.092 GC heap before
{Heap before GC invocations=34 (full 2):
 PSYoungGen      total 13824K, used 13664K [0x00000000d5580000, 0x00000000d6580000, 0x0000000100000000)
  eden space 12800K, 100% used [0x00000000d5580000,0x00000000d6200000,0x00000000d6200000)
  from space 1024K, 84% used [0x00000000d6380000,0x00000000d6458000,0x00000000d6480000)
  to   space 1024K, 0% used [0x00000000d6480000,0x00000000d6480000,0x00000000d6580000)
 ParOldGen       total 68608K, used 51667K [0x0000000080000000, 0x0000000084300000, 0x00000000d5580000)
  object space 68608K, 75% used [0x0000000080000000,0x0000000083274e68,0x0000000084300000)
 Metaspace       used 49896K, committed 51200K, reserved 1114112K
  class space    used 5421K, committed 6016K, reserved 1048576K
}
Event: 8.093 GC heap after
{Heap after GC invocations=34 (full 2):
 PSYoungGen      total 13824K, used 832K [0x00000000d5580000, 0x00000000d6580000, 0x0000000100000000)
  eden space 12800K, 0% used [0x00000000d5580000,0x00000000d5580000,0x00000000d6200000)
  from space 1024K, 81% used [0x00000000d6480000,0x00000000d6550000,0x00000000d6580000)
  to   space 1024K, 0% used [0x00000000d6380000,0x00000000d6380000,0x00000000d6480000)
 ParOldGen       total 68608K, used 52416K [0x0000000080000000, 0x0000000084300000, 0x00000000d5580000)
  object space 68608K, 76% used [0x0000000080000000,0x0000000083330108,0x0000000084300000)
 Metaspace       used 49896K, committed 51200K, reserved 1114112K
  class space    used 5421K, committed 6016K, reserved 1048576K
}
Event: 8.837 GC heap before
{Heap before GC invocations=35 (full 2):
 PSYoungGen      total 13824K, used 13632K [0x00000000d5580000, 0x00000000d6580000, 0x0000000100000000)
  eden space 12800K, 100% used [0x00000000d5580000,0x00000000d6200000,0x00000000d6200000)
  from space 1024K, 81% used [0x00000000d6480000,0x00000000d6550000,0x00000000d6580000)
  to   space 1024K, 0% used [0x00000000d6380000,0x00000000d6380000,0x00000000d6480000)
 ParOldGen       total 68608K, used 52416K [0x0000000080000000, 0x0000000084300000, 0x00000000d5580000)
  object space 68608K, 76% used [0x0000000080000000,0x0000000083330108,0x0000000084300000)
 Metaspace       used 51446K, committed 52736K, reserved 1114112K
  class space    used 5634K, committed 6208K, reserved 1048576K
}
Event: 8.840 GC heap after
{Heap after GC invocations=35 (full 2):
 PSYoungGen      total 13824K, used 1024K [0x00000000d5580000, 0x00000000d6500000, 0x0000000100000000)
  eden space 12800K, 0% used [0x00000000d5580000,0x00000000d5580000,0x00000000d6200000)
  from space 1024K, 100% used [0x00000000d6380000,0x00000000d6480000,0x00000000d6480000)
  to   space 512K, 0% used [0x00000000d6480000,0x00000000d6480000,0x00000000d6500000)
 ParOldGen       total 68608K, used 53079K [0x0000000080000000, 0x0000000084300000, 0x00000000d5580000)
  object space 68608K, 77% used [0x0000000080000000,0x00000000833d5e08,0x0000000084300000)
 Metaspace       used 51446K, committed 52736K, reserved 1114112K
  class space    used 5634K, committed 6208K, reserved 1048576K
}
Event: 9.311 GC heap before
{Heap before GC invocations=36 (full 2):
 PSYoungGen      total 13824K, used 13824K [0x00000000d5580000, 0x00000000d6500000, 0x0000000100000000)
  eden space 12800K, 100% used [0x00000000d5580000,0x00000000d6200000,0x00000000d6200000)
  from space 1024K, 100% used [0x00000000d6380000,0x00000000d6480000,0x00000000d6480000)
  to   space 512K, 0% used [0x00000000d6480000,0x00000000d6480000,0x00000000d6500000)
 ParOldGen       total 68608K, used 53079K [0x0000000080000000, 0x0000000084300000, 0x00000000d5580000)
  object space 68608K, 77% used [0x0000000080000000,0x00000000833d5e08,0x0000000084300000)
 Metaspace       used 52757K, committed 54080K, reserved 1114112K
  class space    used 5790K, committed 6400K, reserved 1048576K
}
Event: 9.313 GC heap after
{Heap after GC invocations=36 (full 2):
 PSYoungGen      total 13312K, used 512K [0x00000000d5580000, 0x00000000d6600000, 0x0000000100000000)
  eden space 12800K, 0% used [0x00000000d5580000,0x00000000d5580000,0x00000000d6200000)
  from space 512K, 100% used [0x00000000d6480000,0x00000000d6500000,0x00000000d6500000)
  to   space 2048K, 0% used [0x00000000d6200000,0x00000000d6200000,0x00000000d6400000)
 ParOldGen       total 68608K, used 54333K [0x0000000080000000, 0x0000000084300000, 0x00000000d5580000)
  object space 68608K, 79% used [0x0000000080000000,0x000000008350f710,0x0000000084300000)
 Metaspace       used 52757K, committed 54080K, reserved 1114112K
  class space    used 5790K, committed 6400K, reserved 1048576K
}
Event: 9.549 GC heap before
{Heap before GC invocations=37 (full 2):
 PSYoungGen      total 13312K, used 13312K [0x00000000d5580000, 0x00000000d6600000, 0x0000000100000000)
  eden space 12800K, 100% used [0x00000000d5580000,0x00000000d6200000,0x00000000d6200000)
  from space 512K, 100% used [0x00000000d6480000,0x00000000d6500000,0x00000000d6500000)
  to   space 2048K, 0% used [0x00000000d6200000,0x00000000d6200000,0x00000000d6400000)
 ParOldGen       total 68608K, used 54333K [0x0000000080000000, 0x0000000084300000, 0x00000000d5580000)
  object space 68608K, 79% used [0x0000000080000000,0x000000008350f710,0x0000000084300000)
 Metaspace       used 54467K, committed 55808K, reserved 1114112K
  class space    used 5981K, committed 6592K, reserved 1048576K
}
Event: 9.550 GC heap after
{Heap after GC invocations=37 (full 2):
 PSYoungGen      total 14848K, used 544K [0x00000000d5580000, 0x00000000d6500000, 0x0000000100000000)
  eden space 12800K, 0% used [0x00000000d5580000,0x00000000d5580000,0x00000000d6200000)
  from space 2048K, 26% used [0x00000000d6200000,0x00000000d6288000,0x00000000d6400000)
  to   space 1024K, 0% used [0x00000000d6400000,0x00000000d6400000,0x00000000d6500000)
 ParOldGen       total 68608K, used 54837K [0x0000000080000000, 0x0000000084300000, 0x00000000d5580000)
  object space 68608K, 79% used [0x0000000080000000,0x000000008358d720,0x0000000084300000)
 Metaspace       used 54467K, committed 55808K, reserved 1114112K
  class space    used 5981K, committed 6592K, reserved 1048576K
}

