# JRE version: OpenJDK Runtime Environment Temurin-21.0.10+7 (21.0.10+7) (build 21.0.10+7-LTS)
# Java VM: OpenJDK 64-Bit Server VM Temurin-21.0.10+7 (21.0.10+7-LTS, mixed mode, sharing, tiered, compressed oops, compressed class ptrs, parallel gc, windows-amd64)
GC Precious Log:
 CardTable entry size: 512
 CPUs: 12 total, 12 available
 Memory: 7830M
 Large Page Support: Disabled
 NUMA Support: Disabled
 Compressed Oops: Enabled (32-bit)
 Alignments: Space 512K, Generation 512K, Heap 2M
 Heap Min Capacity: 100M
 Heap Initial Capacity: 100M
 Heap Max Capacity: 2G
 Pre-touch: Disabled
 Parallel Workers: 10
Heap:
 PSYoungGen      total 8704K, used 5284K [0x00000000d5580000, 0x00000000d7280000, 0x0000000100000000)
  eden space 7680K, 55% used [0x00000000d5580000,0x00000000d59abc60,0x00000000d5d00000)
  from space 1024K, 99% used [0x00000000d6480000,0x00000000d657d710,0x00000000d6580000)
  to   space 7680K, 0% used [0x00000000d5d00000,0x00000000d5d00000,0x00000000d6480000)
 ParOldGen       total 112640K, used 112590K [0x0000000080000000, 0x0000000086e00000, 0x00000000d5580000)
  object space 112640K, 99% used [0x0000000080000000,0x0000000086df3bb8,0x0000000086e00000)
 Metaspace       used 71997K, committed 73600K, reserved 1179648K
  class space    used 7485K, committed 8128K, reserved 1048576K
GC Heap History (20 events):
Event: 15.575 GC heap before
{Heap before GC invocations=148 (full 3):
 PSYoungGen      total 16384K, used 16224K [0x00000000d5580000, 0x00000000d6800000, 0x0000000100000000)
  eden space 14336K, 100% used [0x00000000d5580000,0x00000000d6380000,0x00000000d6380000)
  from space 2048K, 92% used [0x00000000d6600000,0x00000000d67d8000,0x00000000d6800000)
  to   space 2048K, 0% used [0x00000000d6400000,0x00000000d6400000,0x00000000d6600000)
 ParOldGen       total 96256K, used 96014K [0x0000000080000000, 0x0000000085e00000, 0x00000000d5580000)
  object space 96256K, 99% used [0x0000000080000000,0x0000000085dc3be8,0x0000000085e00000)
 Metaspace       used 67513K, committed 69056K, reserved 1114112K
  class space    used 7112K, committed 7744K, reserved 1048576K
}
Event: 15.579 GC heap after
{Heap after GC invocations=148 (full 3):
 PSYoungGen      total 16384K, used 2032K [0x00000000d5580000, 0x00000000d6b80000, 0x0000000100000000)
  eden space 14336K, 0% used [0x00000000d5580000,0x00000000d5580000,0x00000000d6380000)
  from space 2048K, 99% used [0x00000000d6400000,0x00000000d65fc010,0x00000000d6600000)
  to   space 4096K, 0% used [0x00000000d6780000,0x00000000d6780000,0x00000000d6b80000)
 ParOldGen       total 97792K, used 97644K [0x0000000080000000, 0x0000000085f80000, 0x00000000d5580000)
  object space 97792K, 99% used [0x0000000080000000,0x0000000085f5b340,0x0000000085f80000)
 Metaspace       used 67513K, committed 69056K, reserved 1114112K
  class space    used 7112K, committed 7744K, reserved 1048576K
}
Event: 15.642 GC heap before
{Heap before GC invocations=149 (full 3):
 PSYoungGen      total 16384K, used 16368K [0x00000000d5580000, 0x00000000d6b80000, 0x0000000100000000)
  eden space 14336K, 100% used [0x00000000d5580000,0x00000000d6380000,0x00000000d6380000)
  from space 2048K, 99% used [0x00000000d6400000,0x00000000d65fc010,0x00000000d6600000)
  to   space 4096K, 0% used [0x00000000d6780000,0x00000000d6780000,0x00000000d6b80000)
 ParOldGen       total 97792K, used 97644K [0x0000000080000000, 0x0000000085f80000, 0x00000000d5580000)
  object space 97792K, 99% used [0x0000000080000000,0x0000000085f5b340,0x0000000085f80000)
 Metaspace       used 67890K, committed 69440K, reserved 1114112K
  class space    used 7149K, committed 7808K, reserved 1048576K
}
Event: 15.645 GC heap after
{Heap after GC invocations=149 (full 3):
 PSYoungGen      total 15872K, used 1364K [0x00000000d5580000, 0x00000000d6900000, 0x0000000100000000)
  eden space 14336K, 0% used [0x00000000d5580000,0x00000000d5580000,0x00000000d6380000)
  from space 1536K, 88% used [0x00000000d6780000,0x00000000d68d5220,0x00000000d6900000)
  to   space 2560K, 0% used [0x00000000d6400000,0x00000000d6400000,0x00000000d6680000)
 ParOldGen       total 99840K, used 99626K [0x0000000080000000, 0x0000000086180000, 0x00000000d5580000)
  object space 99840K, 99% used [0x0000000080000000,0x000000008614abd0,0x0000000086180000)
 Metaspace       used 67890K, committed 69440K, reserved 1114112K
  class space    used 7149K, committed 7808K, reserved 1048576K
}
Event: 15.734 GC heap before
{Heap before GC invocations=150 (full 3):
 PSYoungGen      total 15872K, used 15700K [0x00000000d5580000, 0x00000000d6900000, 0x0000000100000000)
  eden space 14336K, 100% used [0x00000000d5580000,0x00000000d6380000,0x00000000d6380000)
  from space 1536K, 88% used [0x00000000d6780000,0x00000000d68d5220,0x00000000d6900000)
  to   space 2560K, 0% used [0x00000000d6400000,0x00000000d6400000,0x00000000d6680000)
 ParOldGen       total 99840K, used 99627K [0x0000000080000000, 0x0000000086180000, 0x00000000d5580000)
  object space 99840K, 99% used [0x0000000080000000,0x000000008614ae98,0x0000000086180000)
 Metaspace       used 68413K, committed 70016K, reserved 1114112K
  class space    used 7193K, committed 7872K, reserved 1048576K
}
Event: 15.737 GC heap after
{Heap after GC invocations=150 (full 3):
 PSYoungGen      total 16896K, used 976K [0x00000000d5580000, 0x00000000d6800000, 0x0000000100000000)
  eden space 14336K, 0% used [0x00000000d5580000,0x00000000d5580000,0x00000000d6380000)
  from space 2560K, 38% used [0x00000000d6400000,0x00000000d64f41e8,0x00000000d6680000)
  to   space 1536K, 0% used [0x00000000d6680000,0x00000000d6680000,0x00000000d6800000)
 ParOldGen       total 100864K, used 100689K [0x0000000080000000, 0x0000000086280000, 0x00000000d5580000)
  object space 100864K, 99% used [0x0000000080000000,0x0000000086254470,0x0000000086280000)
 Metaspace       used 68413K, committed 70016K, reserved 1114112K
  class space    used 7193K, committed 7872K, reserved 1048576K
}
Event: 15.802 GC heap before
{Heap before GC invocations=151 (full 3):
 PSYoungGen      total 16896K, used 15312K [0x00000000d5580000, 0x00000000d6800000, 0x0000000100000000)
  eden space 14336K, 99% used [0x00000000d5580000,0x00000000d637fff8,0x00000000d6380000)
  from space 2560K, 38% used [0x00000000d6400000,0x00000000d64f41e8,0x00000000d6680000)
  to   space 1536K, 0% used [0x00000000d6680000,0x00000000d6680000,0x00000000d6800000)
 ParOldGen       total 100864K, used 100691K [0x0000000080000000, 0x0000000086280000, 0x00000000d5580000)
  object space 100864K, 99% used [0x0000000080000000,0x0000000086254ce8,0x0000000086280000)
 Metaspace       used 69007K, committed 70528K, reserved 1114112K
  class space    used 7239K, committed 7872K, reserved 1048576K
}
Event: 15.805 GC heap after
{Heap after GC invocations=151 (full 3):
 PSYoungGen      total 15872K, used 1524K [0x00000000d5580000, 0x00000000d6980000, 0x0000000100000000)
  eden space 14336K, 0% used [0x00000000d5580000,0x00000000d5580000,0x00000000d6380000)
  from space 1536K, 99% used [0x00000000d6680000,0x00000000d67fd108,0x00000000d6800000)
  to   space 3072K, 0% used [0x00000000d6380000,0x00000000d6380000,0x00000000d6680000)
 ParOldGen       total 101888K, used 101675K [0x0000000080000000, 0x0000000086380000, 0x00000000d5580000)
  object space 101888K, 99% used [0x0000000080000000,0x000000008634ad48,0x0000000086380000)
 Metaspace       used 69007K, committed 70528K, reserved 1114112K
  class space    used 7239K, committed 7872K, reserved 1048576K
}
Event: 15.889 GC heap before
{Heap before GC invocations=152 (full 3):
 PSYoungGen      total 15872K, used 15860K [0x00000000d5580000, 0x00000000d6980000, 0x0000000100000000)
  eden space 14336K, 99% used [0x00000000d5580000,0x00000000d637fff8,0x00000000d6380000)
  from space 1536K, 99% used [0x00000000d6680000,0x00000000d67fd108,0x00000000d6800000)
  to   space 3072K, 0% used [0x00000000d6380000,0x00000000d6380000,0x00000000d6680000)
 ParOldGen       total 101888K, used 101696K [0x0000000080000000, 0x0000000086380000, 0x00000000d5580000)
  object space 101888K, 99% used [0x0000000080000000,0x00000000863501b0,0x0000000086380000)
 Metaspace       used 69546K, committed 71168K, reserved 1114112K
  class space    used 7272K, committed 7936K, reserved 1048576K
}
Event: 15.892 GC heap after
{Heap after GC invocations=152 (full 3):
 PSYoungGen      total 16896K, used 2309K [0x00000000d5580000, 0x00000000d6880000, 0x0000000100000000)
  eden space 14336K, 0% used [0x00000000d5580000,0x00000000d5580000,0x00000000d6380000)
  from space 2560K, 90% used [0x00000000d6380000,0x00000000d65c1470,0x00000000d6600000)
  to   space 2560K, 0% used [0x00000000d6600000,0x00000000d6600000,0x00000000d6880000)
 ParOldGen       total 102912K, used 102808K [0x0000000080000000, 0x0000000086480000, 0x00000000d5580000)
  object space 102912K, 99% used [0x0000000080000000,0x0000000086466100,0x0000000086480000)
 Metaspace       used 69546K, committed 71168K, reserved 1114112K
  class space    used 7272K, committed 7936K, reserved 1048576K
}
Event: 15.959 GC heap before
{Heap before GC invocations=153 (full 3):
 PSYoungGen      total 16896K, used 16645K [0x00000000d5580000, 0x00000000d6880000, 0x0000000100000000)
  eden space 14336K, 100% used [0x00000000d5580000,0x00000000d6380000,0x00000000d6380000)
  from space 2560K, 90% used [0x00000000d6380000,0x00000000d65c1470,0x00000000d6600000)
  to   space 2560K, 0% used [0x00000000d6600000,0x00000000d6600000,0x00000000d6880000)
 ParOldGen       total 102912K, used 102810K [0x0000000080000000, 0x0000000086480000, 0x00000000d5580000)
  object space 102912K, 99% used [0x0000000080000000,0x0000000086466b90,0x0000000086480000)
 Metaspace       used 69695K, committed 71296K, reserved 1114112K
  class space    used 7274K, committed 7936K, reserved 1048576K
}
Event: 15.962 GC heap after
{Heap after GC invocations=153 (full 3):
 PSYoungGen      total 16896K, used 2340K [0x00000000d5580000, 0x00000000d6880000, 0x0000000100000000)
  eden space 14336K, 0% used [0x00000000d5580000,0x00000000d5580000,0x00000000d6380000)
  from space 2560K, 91% used [0x00000000d6600000,0x00000000d6849210,0x00000000d6880000)
  to   space 2560K, 0% used [0x00000000d6380000,0x00000000d6380000,0x00000000d6600000)
 ParOldGen       total 104448K, used 104395K [0x0000000080000000, 0x0000000086600000, 0x00000000d5580000)
  object space 104448K, 99% used [0x0000000080000000,0x00000000865f2c78,0x0000000086600000)
 Metaspace       used 69695K, committed 71296K, reserved 1114112K
  class space    used 7274K, committed 7936K, reserved 1048576K
}
Event: 16.211 GC heap before
{Heap before GC invocations=154 (full 3):
 PSYoungGen      total 16896K, used 16674K [0x00000000d5580000, 0x00000000d6880000, 0x0000000100000000)
  eden space 14336K, 99% used [0x00000000d5580000,0x00000000d637f980,0x00000000d6380000)
  from space 2560K, 91% used [0x00000000d6600000,0x00000000d6849210,0x00000000d6880000)
  to   space 2560K, 0% used [0x00000000d6380000,0x00000000d6380000,0x00000000d6600000)
 ParOldGen       total 104448K, used 104395K [0x0000000080000000, 0x0000000086600000, 0x00000000d5580000)
  object space 104448K, 99% used [0x0000000080000000,0x00000000865f2c78,0x0000000086600000)
 Metaspace       used 70690K, committed 72256K, reserved 1114112K
  class space    used 7371K, committed 8000K, reserved 1048576K
}
Event: 16.214 GC heap after
{Heap after GC invocations=154 (full 3):
 PSYoungGen      total 15360K, used 963K [0x00000000d5580000, 0x00000000d6680000, 0x0000000100000000)
  eden space 14336K, 0% used [0x00000000d5580000,0x00000000d5580000,0x00000000d6380000)
  from space 1024K, 94% used [0x00000000d6380000,0x00000000d6470d60,0x00000000d6480000)
  to   space 1536K, 0% used [0x00000000d6500000,0x00000000d6500000,0x00000000d6680000)
 ParOldGen       total 105984K, used 105721K [0x0000000080000000, 0x0000000086780000, 0x00000000d5580000)
  object space 105984K, 99% used [0x0000000080000000,0x000000008673e478,0x0000000086780000)
 Metaspace       used 70690K, committed 72256K, reserved 1114112K
  class space    used 7371K, committed 8000K, reserved 1048576K
}
Event: 347.031 GC heap before
{Heap before GC invocations=155 (full 3):
 PSYoungGen      total 15360K, used 15299K [0x00000000d5580000, 0x00000000d6680000, 0x0000000100000000)
  eden space 14336K, 100% used [0x00000000d5580000,0x00000000d6380000,0x00000000d6380000)
  from space 1024K, 94% used [0x00000000d6380000,0x00000000d6470d60,0x00000000d6480000)
  to   space 1536K, 0% used [0x00000000d6500000,0x00000000d6500000,0x00000000d6680000)
 ParOldGen       total 105984K, used 105721K [0x0000000080000000, 0x0000000086780000, 0x00000000d5580000)
  object space 105984K, 99% used [0x0000000080000000,0x000000008673e478,0x0000000086780000)
 Metaspace       used 71355K, committed 73024K, reserved 1114112K
  class space    used 7425K, committed 8128K, reserved 1048576K
}
Event: 347.097 GC heap after
{Heap after GC invocations=155 (full 3):
 PSYoungGen      total 15360K, used 831K [0x00000000d5580000, 0x00000000d6600000, 0x0000000100000000)
  eden space 14336K, 0% used [0x00000000d5580000,0x00000000d5580000,0x00000000d6380000)
  from space 1024K, 81% used [0x00000000d6500000,0x00000000d65cfc18,0x00000000d6600000)
  to   space 1024K, 0% used [0x00000000d6380000,0x00000000d6380000,0x00000000d6480000)
 ParOldGen       total 106496K, used 106337K [0x0000000080000000, 0x0000000086800000, 0x00000000d5580000)
  object space 106496K, 99% used [0x0000000080000000,0x00000000867d8498,0x0000000086800000)
 Metaspace       used 71355K, committed 73024K, reserved 1114112K
  class space    used 7425K, committed 8128K, reserved 1048576K
}
Event: 611.983 GC heap before
{Heap before GC invocations=156 (full 3):
 PSYoungGen      total 15360K, used 15167K [0x00000000d5580000, 0x00000000d6600000, 0x0000000100000000)
  eden space 14336K, 100% used [0x00000000d5580000,0x00000000d6380000,0x00000000d6380000)
  from space 1024K, 81% used [0x00000000d6500000,0x00000000d65cfc18,0x00000000d6600000)
  to   space 1024K, 0% used [0x00000000d6380000,0x00000000d6380000,0x00000000d6480000)
 ParOldGen       total 106496K, used 106337K [0x0000000080000000, 0x0000000086800000, 0x00000000d5580000)
  object space 106496K, 99% used [0x0000000080000000,0x00000000867d8498,0x0000000086800000)
 Metaspace       used 71640K, committed 73280K, reserved 1179648K
  class space    used 7439K, committed 8128K, reserved 1048576K
}
Event: 612.022 GC heap after
{Heap after GC invocations=156 (full 3):
 PSYoungGen      total 15360K, used 320K [0x00000000d5580000, 0x00000000d6580000, 0x0000000100000000)
  eden space 14336K, 0% used [0x00000000d5580000,0x00000000d5580000,0x00000000d6380000)
  from space 1024K, 31% used [0x00000000d6380000,0x00000000d63d0000,0x00000000d6480000)
  to   space 1024K, 0% used [0x00000000d6480000,0x00000000d6480000,0x00000000d6580000)
 ParOldGen       total 107520K, used 107065K [0x0000000080000000, 0x0000000086900000, 0x00000000d5580000)
  object space 107520K, 99% used [0x0000000080000000,0x000000008688e510,0x0000000086900000)
 Metaspace       used 71640K, committed 73280K, reserved 1179648K
  class space    used 7439K, committed 8128K, reserved 1048576K
}
Event: 618.514 GC heap before
{Heap before GC invocations=157 (full 3):
 PSYoungGen      total 15360K, used 14637K [0x00000000d5580000, 0x00000000d6580000, 0x0000000100000000)
  eden space 14336K, 99% used [0x00000000d5580000,0x00000000d637b498,0x00000000d6380000)
  from space 1024K, 31% used [0x00000000d6380000,0x00000000d63d0000,0x00000000d6480000)
  to   space 1024K, 0% used [0x00000000d6480000,0x00000000d6480000,0x00000000d6580000)
 ParOldGen       total 107520K, used 107065K [0x0000000080000000, 0x0000000086900000, 0x00000000d5580000)
  object space 107520K, 99% used [0x0000000080000000,0x000000008688e510,0x0000000086900000)
 Metaspace       used 71875K, committed 73472K, reserved 1179648K
  class space    used 7461K, committed 8128K, reserved 1048576K
}
Event: 618.523 GC heap after
{Heap after GC invocations=157 (full 3):
 PSYoungGen      total 8704K, used 1013K [0x00000000d5580000, 0x00000000d7280000, 0x0000000100000000)
  eden space 7680K, 0% used [0x00000000d5580000,0x00000000d5580000,0x00000000d5d00000)
  from space 1024K, 99% used [0x00000000d6480000,0x00000000d657d710,0x00000000d6580000)
  to   space 7680K, 0% used [0x00000000d5d00000,0x00000000d5d00000,0x00000000d6480000)
 ParOldGen       total 112640K, used 112590K [0x0000000080000000, 0x0000000086e00000, 0x00000000d5580000)
  object space 112640K, 99% used [0x0000000080000000,0x0000000086df3bb8,0x0000000086e00000)
 Metaspace       used 71875K, committed 73472K, reserved 1179648K
  class space    used 7461K, committed 8128K, reserved 1048576K
}

